{"level":"info","message":"********* before sending request *********"}
["https://server.42greenbox.com/storage",{"headers":{}}]
{"level":"info","message":"********* before sending request *********"}
["https://server.42greenbox.com/storage",{"headers":{}}]
{"level":"info","message":"********after receiving response*********"}
{"level":"info"}
{"level":"info","message":"********after receiving response*********"}
{"level":"info"}
{"level":"info","message":"********* before sending request *********"}
["https://server.42greenbox.com/storage",{"headers":{}}]
{"level":"info","message":"********after receiving response*********"}
{"level":"info"}
{"level":"info","message":"********* before sending request *********"}
["https://server.42greenbox.com/storage",{"headers":{}}]
{"level":"info","message":"********after receiving response*********"}
{"level":"info"}
{"level":"info","message":"********* before sending request *********"}
["https://server.42greenbox.com/storage",{"headers":{}}]
{"level":"info","message":"********after receiving response*********"}
{"level":"info"}
{"level":"info","message":"********* before sending request *********"}
["https://server.42greenbox.com/storage",{"headers":{}}]
{"level":"info","message":"********after receiving response*********"}
{"level":"info"}
{"level":"info","message":"********* before sending request *********"}
["https://server.42greenbox.com/storage",{"headers":{}}]
{"level":"info","message":"********* before sending request *********"}
["https://server.42greenbox.com/storage",{"headers":{}}]
{"level":"info","message":"********after receiving response*********"}
{"level":"info"}
{"level":"info","message":"********after receiving response*********"}
{"level":"info"}
********* before sending request *********
undefined
********after receiving response*********
undefined
********* before sending request *********
undefined
********after receiving response*********
undefined
********* before sending request *********
undefined
********after receiving response*********
undefined
********* before sending request *********
[
   "https://server.42greenbox.com/storage",
   {
      "headers": {}
   }
]
********after receiving response*********
{}
********* before sending request *********
[
   "https://server.42greenbox.com/storage",
   {
      "headers": {}
   }
]
********after receiving response*********
{}
********* before sending request *********
[
   "https://server.42greenbox.com/storage",
   {
      "headers": {}
   }
]
********after receiving response*********
{}
********* before sending request *********
[
   "https://server.42greenbox.com/storage",
   {
      "headers": {}
   }
]
********after receiving response*********
{}
********* before sending request *********
[
   "https://server.42greenbox.com/storage",
   {
      "headers": {}
   }
]
********* before sending request *********
[
   "https://server.42greenbox.com/storage",
   {
      "headers": {}
   }
]
********after receiving response*********
{}
********after receiving response*********
{}
********* before sending request *********
[
   "https://server.42greenbox.com/storage",
   {
      "headers": {}
   }
]
********* before sending request *********
[
   "https://server.42greenbox.com/storage",
   {
      "headers": {}
   }
]
********after receiving response*********
{}
********after receiving response*********
{}
********* before sending request *********
[
   "https://server.42greenbox.com/storage",
   {
      "headers": {}
   }
]
********after receiving response*********
{}
********* before sending request *********
[
   "https://server.42greenbox.com/storage",
   {
      "headers": {}
   }
]
********after receiving response*********
{}
********* before sending request *********
[
   "https://server.42greenbox.com/storage",
   {
      "headers": {}
   }
]
********after receiving response*********
{}
********* before sending request *********
[
   "https://server.42greenbox.com/storage",
   {
      "headers": {}
   }
]
********after receiving response*********
{}
********* before sending request *********
[
   "https://server.42greenbox.com/storage",
   {
      "headers": {}
   }
]
********after receiving response*********
{}
********* before sending request *********
[
   "https://server.42greenbox.com/storage",
   {
      "headers": {}
   }
]
********after receiving response*********
{}
********* before sending request *********
[
   "https://server.42greenbox.com/storage",
   {
      "headers": {}
   }
]
********after receiving response*********
{}
********* before sending request *********
[
   "https://server.42greenbox.com/storage",
   {
      "headers": {}
   }
]
********after receiving response*********
{}
********* before sending request *********
[
   "https://server.42greenbox.com/storage",
   {
      "headers": {}
   }
]
********after receiving response*********
{}
